<?xml version="1.0" encoding="UTF-8"?>
<!-- Generated by org.testng.reporters.JUnitReportReporter -->
<testsuite hostname="DESKTOP-H6DBB2T" failures="0" tests="1" name="jupiter.test.Helloworld" time="7.092" errors="0" timestamp="2021-04-06T14:55:12 AEST" skipped="0">
  <testcase classname="jupiter.test.Helloworld" name="testHelloWorld" time="7.092"/>
  <system-out/>
</testsuite> <!-- jupiter.test.Helloworld -->
